<?xml version="1.0" encoding="UTF-8"?>
<!-- Generated by org.testng.reporters.JUnitReportReporter -->
<testsuite hostname="LAPTOP-BTAPKMFO" failures="0" tests="3" name="TestNG.DependsOnMethod" time="0.016" errors="0" timestamp="2024-02-27T11:17:05 IST" skipped="0">
  <testcase classname="TestNG.DependsOnMethod" name="testcase2" time="0.001"/>
  <system-out/>
  <testcase classname="TestNG.DependsOnMethod" name="testcase1" time="0.013"/>
  <system-out/>
  <testcase classname="TestNG.DependsOnMethod" name="testcase3" time="0.002"/>
  <system-out/>
</testsuite> <!-- TestNG.DependsOnMethod -->
