<?xml version="1.0" encoding="UTF-8"?>
<!-- Generated by org.testng.reporters.JUnitReportReporter -->
<testsuite hostname="LAPTOP-BTAPKMFO" failures="0" tests="3" name="TestNG.PriorityTesting" time="0.043" errors="0" timestamp="2024-02-27T11:21:29 IST" skipped="0">
  <testcase classname="TestNG.PriorityTesting" name="testcase" time="0.033"/>
  <system-out/>
  <testcase classname="TestNG.PriorityTesting" name="testcase3" time="0.005"/>
  <system-out/>
  <testcase classname="TestNG.PriorityTesting" name="testcase2" time="0.005"/>
  <system-out/>
</testsuite> <!-- TestNG.PriorityTesting -->
