<?xml version="1.0" encoding="UTF-8"?>
<!-- Generated by org.testng.reporters.JUnitReportReporter -->
<testsuite hostname="LAPTOP-BTAPKMFO" failures="0" tests="1" name="TestNG.NewTest" time="0.014" errors="0" timestamp="2024-02-26T14:21:58 IST" skipped="0">
  <testcase classname="TestNG.NewTest" name="testcase1testng" time="0.014"/>
  <system-out/>
</testsuite> <!-- TestNG.NewTest -->
