<?xml version="1.0" encoding="UTF-8"?>
<!-- Generated by org.testng.reporters.JUnitReportReporter -->
<testsuite hostname="LAPTOP-BTAPKMFO" failures="0" tests="2" name="TestNG.ParallelTesting" time="7.773" errors="0" timestamp="2024-02-27T11:20:09 IST" skipped="0">
  <testcase classname="TestNG.ParallelTesting" name="invokeChrome" time="3.108"/>
  <system-out/>
  <testcase classname="TestNG.ParallelTesting" name="invokeEdge" time="4.665"/>
  <system-out/>
</testsuite> <!-- TestNG.ParallelTesting -->
