<?xml version="1.0" encoding="UTF-8"?>
<!-- Generated by org.testng.reporters.JUnitReportReporter -->
<testsuite hostname="LAPTOP-BTAPKMFO" failures="0" tests="4" name="TestNG.AnnotationsEg" time="0.016" errors="0" timestamp="2024-02-27T11:28:35 IST" skipped="0">
  <testcase classname="TestNG.AnnotationsEg" name="testcase4" time="0.002"/>
  <system-out/>
  <testcase classname="TestNG.AnnotationsEg" name="testcase3" time="0.004"/>
  <system-out/>
  <testcase classname="TestNG.AnnotationsEg" name="testcase2" time="0.002"/>
  <system-out/>
  <testcase classname="TestNG.AnnotationsEg" name="testcase1" time="0.008"/>
  <system-out/>
</testsuite> <!-- TestNG.AnnotationsEg -->
