<?xml version="1.0" encoding="UTF-8"?>
<!-- Generated by org.testng.reporters.JUnitReportReporter -->
<testsuite hostname="LAPTOP-BTAPKMFO" failures="0" tests="1" name="TestNG.InvokeEdge" time="5.546" errors="0" timestamp="2024-02-27T11:33:17 IST" skipped="0">
  <testcase classname="TestNG.InvokeEdge" name="invokeedge" time="5.546"/>
  <system-out/>
</testsuite> <!-- TestNG.InvokeEdge -->
