<?xml version="1.0" encoding="UTF-8"?>
<!-- Generated by org.testng.reporters.JUnitReportReporter -->
<testsuite hostname="LAPTOP-BTAPKMFO" failures="0" tests="1" name="TestNG.ListenerTestClass" time="4.422" errors="0" timestamp="2024-02-27T11:29:38 IST" skipped="0">
  <testcase classname="TestNG.ListenerTestClass" name="invokechrome" time="4.422"/>
  <system-out/>
</testsuite> <!-- TestNG.ListenerTestClass -->
