<?xml version="1.0" encoding="UTF-8"?>
<!-- Generated by org.testng.reporters.JUnitReportReporter -->
<testsuite hostname="LAPTOP-BTAPKMFO" failures="0" tests="1" name="TestNG.New" time="7.565" errors="0" timestamp="2024-02-26T12:36:42 IST" skipped="0">
  <testcase classname="TestNG.New" name="f" time="7.565"/>
  <system-out/>
</testsuite> <!-- TestNG.New -->
