<?xml version="1.0" encoding="UTF-8"?>
<!-- Generated by org.testng.reporters.JUnitReportReporter -->
<testsuite hostname="LAPTOP-BTAPKMFO" failures="0" tests="1" name="TestNG.InvokeChromeBroswer" time="5.058" errors="0" timestamp="2024-02-27T11:34:38 IST" skipped="0">
  <testcase classname="TestNG.InvokeChromeBroswer" name="invokechrome" time="5.058"/>
  <system-out/>
</testsuite> <!-- TestNG.InvokeChromeBroswer -->
