<?xml version="1.0" encoding="UTF-8"?>
<!-- Generated by org.testng.reporters.JUnitReportReporter -->
<testsuite hostname="LAPTOP-BTAPKMFO" failures="0" tests="6" name="TestNG.group" time="0.019" errors="0" timestamp="2024-02-27T11:17:58 IST" skipped="0">
  <testcase classname="TestNG.group" name="T1" time="0.012"/>
  <system-out/>
  <testcase classname="TestNG.group" name="T6" time="0.001"/>
  <system-out/>
  <testcase classname="TestNG.group" name="T5" time="0.001"/>
  <system-out/>
  <testcase classname="TestNG.group" name="T4" time="0.001"/>
  <system-out/>
  <testcase classname="TestNG.group" name="T3" time="0.002"/>
  <system-out/>
  <testcase classname="TestNG.group" name="T2" time="0.002"/>
  <system-out/>
</testsuite> <!-- TestNG.group -->
