<?xml version="1.0" encoding="UTF-8"?>
<!-- Generated by org.testng.reporters.JUnitReportReporter -->
<testsuite hostname="LAPTOP-BTAPKMFO" failures="0" tests="1" name="TestNG.Axis.Demo2" time="0.007" errors="0" timestamp="2024-02-26T12:08:34 IST" skipped="0">
  <testcase classname="TestNG.Axis.Demo2" name="f" time="0.007"/>
  <system-out/>
</testsuite> <!-- TestNG.Axis.Demo2 -->
